Copyright 1986-2021 Xilinx, Inc. All Rights Reserved.
---------------------------------------------------------------------------------------------------------------------------------------------------------------------------------------------------------------------
| Tool Version : Vivado v.2021.2 (win64) Build 3367213 Tue Oct 19 02:48:09 MDT 2021
| Date         : Sun Mar  6 23:11:47 2022
| Host         : DESKTOP-9FAJBKM running 64-bit major release  (build 9200)
| Command      : report_timing_summary -max_paths 10 -report_unconstrained -file hexcount_timing_summary_routed.rpt -pb hexcount_timing_summary_routed.pb -rpx hexcount_timing_summary_routed.rpx -warn_on_violation
| Design       : hexcount
| Device       : 7a100t-csg324
| Speed File   : -1  PRODUCTION 1.23 2018-06-13
---------------------------------------------------------------------------------------------------------------------------------------------------------------------------------------------------------------------

Timing Summary Report

------------------------------------------------------------------------------------------------
| Timer Settings
| --------------
------------------------------------------------------------------------------------------------

  Enable Multi Corner Analysis               :  Yes
  Enable Pessimism Removal                   :  Yes
  Pessimism Removal Resolution               :  Nearest Common Node
  Enable Input Delay Default Clock           :  No
  Enable Preset / Clear Arcs                 :  No
  Disable Flight Delays                      :  No
  Ignore I/O Paths                           :  No
  Timing Early Launch at Borrowing Latches   :  No
  Borrow Time for Max Delay Exceptions       :  Yes
  Merge Timing Exceptions                    :  Yes

  Corner  Analyze    Analyze    
  Name    Max Paths  Min Paths  
  ------  ---------  ---------  
  Slow    Yes        Yes        
  Fast    Yes        Yes        


------------------------------------------------------------------------------------------------
| Report Methodology
| ------------------
------------------------------------------------------------------------------------------------

Rule       Severity          Description                  Violations  
---------  ----------------  ---------------------------  ----------  
TIMING-17  Critical Warning  Non-clocked sequential cell  39          

Note: This report is based on the most recent report_methodology run and may not be up-to-date. Run report_methodology on the current design for the latest report.



check_timing report

Table of Contents
-----------------
1. checking no_clock (39)
2. checking constant_clock (0)
3. checking pulse_width_clock (0)
4. checking unconstrained_internal_endpoints (39)
5. checking no_input_delay (0)
6. checking no_output_delay (11)
7. checking multiple_clock (0)
8. checking generated_clocks (0)
9. checking loops (0)
10. checking partial_input_delay (0)
11. checking partial_output_delay (0)
12. checking latch_loops (0)

1. checking no_clock (39)
-------------------------
 There are 39 register/latch pins with no clock driven by root clock pin: clk_100MHz (HIGH)


2. checking constant_clock (0)
------------------------------
 There are 0 register/latch pins with constant_clock.


3. checking pulse_width_clock (0)
---------------------------------
 There are 0 register/latch pins which need pulse_width check


4. checking unconstrained_internal_endpoints (39)
-------------------------------------------------
 There are 39 pins that are not constrained for maximum delay. (HIGH)

 There are 0 pins that are not constrained for maximum delay due to constant clock.


5. checking no_input_delay (0)
------------------------------
 There are 0 input ports with no input delay specified.

 There are 0 input ports with no input delay but user has a false path constraint.


6. checking no_output_delay (11)
--------------------------------
 There are 11 ports with no output delay specified. (HIGH)

 There are 0 ports with no output delay but user has a false path constraint

 There are 0 ports with no output delay but with a timing clock defined on it or propagating through it


7. checking multiple_clock (0)
------------------------------
 There are 0 register/latch pins with multiple clocks.


8. checking generated_clocks (0)
--------------------------------
 There are 0 generated clocks that are not connected to a clock source.


9. checking loops (0)
---------------------
 There are 0 combinational loops in the design.


10. checking partial_input_delay (0)
------------------------------------
 There are 0 input ports with partial input delay specified.


11. checking partial_output_delay (0)
-------------------------------------
 There are 0 ports with partial output delay specified.


12. checking latch_loops (0)
----------------------------
 There are 0 combinational latch loops in the design through latch input



------------------------------------------------------------------------------------------------
| Design Timing Summary
| ---------------------
------------------------------------------------------------------------------------------------

    WNS(ns)      TNS(ns)  TNS Failing Endpoints  TNS Total Endpoints      WHS(ns)      THS(ns)  THS Failing Endpoints  THS Total Endpoints     WPWS(ns)     TPWS(ns)  TPWS Failing Endpoints  TPWS Total Endpoints  
    -------      -------  ---------------------  -------------------      -------      -------  ---------------------  -------------------     --------     --------  ----------------------  --------------------  
        inf        0.000                      0                   50          inf        0.000                      0                   50           NA           NA                      NA                    NA  


There are no user specified timing constraints.


------------------------------------------------------------------------------------------------
| Clock Summary
| -------------
------------------------------------------------------------------------------------------------


------------------------------------------------------------------------------------------------
| Intra Clock Table
| -----------------
------------------------------------------------------------------------------------------------

Clock             WNS(ns)      TNS(ns)  TNS Failing Endpoints  TNS Total Endpoints      WHS(ns)      THS(ns)  THS Failing Endpoints  THS Total Endpoints     WPWS(ns)     TPWS(ns)  TPWS Failing Endpoints  TPWS Total Endpoints  
-----             -------      -------  ---------------------  -------------------      -------      -------  ---------------------  -------------------     --------     --------  ----------------------  --------------------  


------------------------------------------------------------------------------------------------
| Inter Clock Table
| -----------------
------------------------------------------------------------------------------------------------

From Clock    To Clock          WNS(ns)      TNS(ns)  TNS Failing Endpoints  TNS Total Endpoints      WHS(ns)      THS(ns)  THS Failing Endpoints  THS Total Endpoints  
----------    --------          -------      -------  ---------------------  -------------------      -------      -------  ---------------------  -------------------  


------------------------------------------------------------------------------------------------
| Other Path Groups Table
| -----------------------
------------------------------------------------------------------------------------------------

Path Group    From Clock    To Clock          WNS(ns)      TNS(ns)  TNS Failing Endpoints  TNS Total Endpoints      WHS(ns)      THS(ns)  THS Failing Endpoints  THS Total Endpoints  
----------    ----------    --------          -------      -------  ---------------------  -------------------      -------      -------  ---------------------  -------------------  


------------------------------------------------------------------------------------------------
| User Ignored Path Table
| -----------------------
------------------------------------------------------------------------------------------------

Path Group    From Clock    To Clock    
----------    ----------    --------    


------------------------------------------------------------------------------------------------
| Unconstrained Path Table
| ------------------------
------------------------------------------------------------------------------------------------

Path Group    From Clock    To Clock    
----------    ----------    --------    
(none)                                    


------------------------------------------------------------------------------------------------
| Timing Details
| --------------
------------------------------------------------------------------------------------------------


--------------------------------------------------------------------------------------
Path Group:  (none)
From Clock:  
  To Clock:  

Max Delay            50 Endpoints
Min Delay            50 Endpoints
--------------------------------------------------------------------------------------


Max Delay Paths
--------------------------------------------------------------------------------------
Slack:                    inf
  Source:                 C1/cnt_reg[18]/C
                            (rising edge-triggered cell FDRE)
  Destination:            seg[6]
                            (output port)
  Path Group:             (none)
  Path Type:              Max at Slow Process Corner
  Data Path Delay:        10.394ns  (logic 4.635ns (44.594%)  route 5.759ns (55.406%))
  Logic Levels:           5  (FDRE=1 LUT3=1 LUT6=2 OBUF=1)

    Location             Delay type                Incr(ns)  Path(ns)    Netlist Resource(s)
  -------------------------------------------------------------------    -------------------
    SLICE_X1Y88          FDRE                         0.000     0.000 r  C1/cnt_reg[18]/C
    SLICE_X1Y88          FDRE (Prop_fdre_C_Q)         0.456     0.456 r  C1/cnt_reg[18]/Q
                         net (fo=9, routed)           1.127     1.583    C1/md[1]
    SLICE_X2Y91          LUT6 (Prop_lut6_I4_O)        0.124     1.707 r  C1/seg_OBUF[6]_inst_i_8/O
                         net (fo=1, routed)           0.790     2.498    C1/seg_OBUF[6]_inst_i_8_n_0
    SLICE_X0Y91          LUT3 (Prop_lut3_I1_O)        0.152     2.650 r  C1/seg_OBUF[6]_inst_i_5/O
                         net (fo=7, routed)           0.776     3.426    C1/seg_OBUF[6]_inst_i_5_n_0
    SLICE_X0Y88          LUT6 (Prop_lut6_I5_O)        0.326     3.752 r  C1/seg_OBUF[6]_inst_i_1/O
                         net (fo=1, routed)           3.065     6.817    seg_OBUF[6]
    T10                  OBUF (Prop_obuf_I_O)         3.577    10.394 r  seg_OBUF[6]_inst/O
                         net (fo=0)                   0.000    10.394    seg[6]
    T10                                                               r  seg[6] (OUT)
  -------------------------------------------------------------------    -------------------

Slack:                    inf
  Source:                 C1/cnt_reg[18]/C
                            (rising edge-triggered cell FDRE)
  Destination:            seg[5]
                            (output port)
  Path Group:             (none)
  Path Type:              Max at Slow Process Corner
  Data Path Delay:        10.378ns  (logic 4.613ns (44.455%)  route 5.764ns (55.545%))
  Logic Levels:           5  (FDRE=1 LUT3=1 LUT6=2 OBUF=1)

    Location             Delay type                Incr(ns)  Path(ns)    Netlist Resource(s)
  -------------------------------------------------------------------    -------------------
    SLICE_X1Y88          FDRE                         0.000     0.000 r  C1/cnt_reg[18]/C
    SLICE_X1Y88          FDRE (Prop_fdre_C_Q)         0.456     0.456 r  C1/cnt_reg[18]/Q
                         net (fo=9, routed)           1.127     1.583    C1/md[1]
    SLICE_X2Y91          LUT6 (Prop_lut6_I4_O)        0.124     1.707 r  C1/seg_OBUF[6]_inst_i_8/O
                         net (fo=1, routed)           0.790     2.498    C1/seg_OBUF[6]_inst_i_8_n_0
    SLICE_X0Y91          LUT3 (Prop_lut3_I1_O)        0.152     2.650 r  C1/seg_OBUF[6]_inst_i_5/O
                         net (fo=7, routed)           0.781     3.430    C1/seg_OBUF[6]_inst_i_5_n_0
    SLICE_X0Y88          LUT6 (Prop_lut6_I5_O)        0.326     3.756 r  C1/seg_OBUF[5]_inst_i_1/O
                         net (fo=1, routed)           3.066     6.822    seg_OBUF[5]
    R10                  OBUF (Prop_obuf_I_O)         3.555    10.378 r  seg_OBUF[5]_inst/O
                         net (fo=0)                   0.000    10.378    seg[5]
    R10                                                               r  seg[5] (OUT)
  -------------------------------------------------------------------    -------------------

Slack:                    inf
  Source:                 C1/cnt_reg[18]/C
                            (rising edge-triggered cell FDRE)
  Destination:            seg[1]
                            (output port)
  Path Group:             (none)
  Path Type:              Max at Slow Process Corner
  Data Path Delay:        9.562ns  (logic 4.619ns (48.305%)  route 4.943ns (51.695%))
  Logic Levels:           5  (FDRE=1 LUT3=1 LUT6=2 OBUF=1)

    Location             Delay type                Incr(ns)  Path(ns)    Netlist Resource(s)
  -------------------------------------------------------------------    -------------------
    SLICE_X1Y88          FDRE                         0.000     0.000 r  C1/cnt_reg[18]/C
    SLICE_X1Y88          FDRE (Prop_fdre_C_Q)         0.456     0.456 r  C1/cnt_reg[18]/Q
                         net (fo=9, routed)           1.127     1.583    C1/md[1]
    SLICE_X2Y91          LUT6 (Prop_lut6_I4_O)        0.124     1.707 r  C1/seg_OBUF[6]_inst_i_8/O
                         net (fo=1, routed)           0.790     2.498    C1/seg_OBUF[6]_inst_i_8_n_0
    SLICE_X0Y91          LUT3 (Prop_lut3_I1_O)        0.152     2.650 r  C1/seg_OBUF[6]_inst_i_5/O
                         net (fo=7, routed)           0.505     3.154    C1/seg_OBUF[6]_inst_i_5_n_0
    SLICE_X0Y88          LUT6 (Prop_lut6_I5_O)        0.326     3.480 r  C1/seg_OBUF[1]_inst_i_1/O
                         net (fo=1, routed)           2.521     6.001    seg_OBUF[1]
    T11                  OBUF (Prop_obuf_I_O)         3.561     9.562 r  seg_OBUF[1]_inst/O
                         net (fo=0)                   0.000     9.562    seg[1]
    T11                                                               r  seg[1] (OUT)
  -------------------------------------------------------------------    -------------------

Slack:                    inf
  Source:                 C1/cnt_reg[18]/C
                            (rising edge-triggered cell FDRE)
  Destination:            seg[3]
                            (output port)
  Path Group:             (none)
  Path Type:              Max at Slow Process Corner
  Data Path Delay:        9.312ns  (logic 4.608ns (49.487%)  route 4.704ns (50.513%))
  Logic Levels:           5  (FDRE=1 LUT3=1 LUT6=2 OBUF=1)

    Location             Delay type                Incr(ns)  Path(ns)    Netlist Resource(s)
  -------------------------------------------------------------------    -------------------
    SLICE_X1Y88          FDRE                         0.000     0.000 r  C1/cnt_reg[18]/C
    SLICE_X1Y88          FDRE (Prop_fdre_C_Q)         0.456     0.456 r  C1/cnt_reg[18]/Q
                         net (fo=9, routed)           1.127     1.583    C1/md[1]
    SLICE_X2Y91          LUT6 (Prop_lut6_I4_O)        0.124     1.707 r  C1/seg_OBUF[6]_inst_i_8/O
                         net (fo=1, routed)           0.790     2.498    C1/seg_OBUF[6]_inst_i_8_n_0
    SLICE_X0Y91          LUT3 (Prop_lut3_I1_O)        0.152     2.650 r  C1/seg_OBUF[6]_inst_i_5/O
                         net (fo=7, routed)           0.345     2.995    C1/seg_OBUF[6]_inst_i_5_n_0
    SLICE_X0Y92          LUT6 (Prop_lut6_I5_O)        0.326     3.321 r  C1/seg_OBUF[3]_inst_i_1/O
                         net (fo=1, routed)           2.441     5.762    seg_OBUF[3]
    K13                  OBUF (Prop_obuf_I_O)         3.550     9.312 r  seg_OBUF[3]_inst/O
                         net (fo=0)                   0.000     9.312    seg[3]
    K13                                                               r  seg[3] (OUT)
  -------------------------------------------------------------------    -------------------

Slack:                    inf
  Source:                 C1/cnt_reg[18]/C
                            (rising edge-triggered cell FDRE)
  Destination:            seg[2]
                            (output port)
  Path Group:             (none)
  Path Type:              Max at Slow Process Corner
  Data Path Delay:        9.106ns  (logic 4.592ns (50.424%)  route 4.514ns (49.576%))
  Logic Levels:           5  (FDRE=1 LUT3=1 LUT6=2 OBUF=1)

    Location             Delay type                Incr(ns)  Path(ns)    Netlist Resource(s)
  -------------------------------------------------------------------    -------------------
    SLICE_X1Y88          FDRE                         0.000     0.000 r  C1/cnt_reg[18]/C
    SLICE_X1Y88          FDRE (Prop_fdre_C_Q)         0.456     0.456 r  C1/cnt_reg[18]/Q
                         net (fo=9, routed)           1.127     1.583    C1/md[1]
    SLICE_X2Y91          LUT6 (Prop_lut6_I4_O)        0.124     1.707 f  C1/seg_OBUF[6]_inst_i_8/O
                         net (fo=1, routed)           0.790     2.498    C1/seg_OBUF[6]_inst_i_8_n_0
    SLICE_X0Y91          LUT3 (Prop_lut3_I1_O)        0.152     2.650 f  C1/seg_OBUF[6]_inst_i_5/O
                         net (fo=7, routed)           0.502     3.151    C1/seg_OBUF[6]_inst_i_5_n_0
    SLICE_X0Y88          LUT6 (Prop_lut6_I3_O)        0.326     3.477 r  C1/seg_OBUF[2]_inst_i_1/O
                         net (fo=1, routed)           2.095     5.572    seg_OBUF[2]
    P15                  OBUF (Prop_obuf_I_O)         3.534     9.106 r  seg_OBUF[2]_inst/O
                         net (fo=0)                   0.000     9.106    seg[2]
    P15                                                               r  seg[2] (OUT)
  -------------------------------------------------------------------    -------------------

Slack:                    inf
  Source:                 C1/cnt_reg[18]/C
                            (rising edge-triggered cell FDRE)
  Destination:            seg[4]
                            (output port)
  Path Group:             (none)
  Path Type:              Max at Slow Process Corner
  Data Path Delay:        8.680ns  (logic 4.551ns (52.434%)  route 4.128ns (47.566%))
  Logic Levels:           5  (FDRE=1 LUT3=1 LUT6=2 OBUF=1)

    Location             Delay type                Incr(ns)  Path(ns)    Netlist Resource(s)
  -------------------------------------------------------------------    -------------------
    SLICE_X1Y88          FDRE                         0.000     0.000 r  C1/cnt_reg[18]/C
    SLICE_X1Y88          FDRE (Prop_fdre_C_Q)         0.456     0.456 r  C1/cnt_reg[18]/Q
                         net (fo=9, routed)           1.127     1.583    C1/md[1]
    SLICE_X2Y91          LUT6 (Prop_lut6_I4_O)        0.124     1.707 r  C1/seg_OBUF[6]_inst_i_8/O
                         net (fo=1, routed)           0.790     2.498    C1/seg_OBUF[6]_inst_i_8_n_0
    SLICE_X0Y91          LUT3 (Prop_lut3_I1_O)        0.152     2.650 r  C1/seg_OBUF[6]_inst_i_5/O
                         net (fo=7, routed)           0.342     2.992    C1/seg_OBUF[6]_inst_i_5_n_0
    SLICE_X0Y92          LUT6 (Prop_lut6_I4_O)        0.326     3.318 r  C1/seg_OBUF[4]_inst_i_1/O
                         net (fo=1, routed)           1.868     5.186    seg_OBUF[4]
    K16                  OBUF (Prop_obuf_I_O)         3.493     8.680 r  seg_OBUF[4]_inst/O
                         net (fo=0)                   0.000     8.680    seg[4]
    K16                                                               r  seg[4] (OUT)
  -------------------------------------------------------------------    -------------------

Slack:                    inf
  Source:                 C1/cnt_reg[18]/C
                            (rising edge-triggered cell FDRE)
  Destination:            seg[0]
                            (output port)
  Path Group:             (none)
  Path Type:              Max at Slow Process Corner
  Data Path Delay:        8.380ns  (logic 4.595ns (54.836%)  route 3.785ns (45.164%))
  Logic Levels:           5  (FDRE=1 LUT3=1 LUT6=2 OBUF=1)

    Location             Delay type                Incr(ns)  Path(ns)    Netlist Resource(s)
  -------------------------------------------------------------------    -------------------
    SLICE_X1Y88          FDRE                         0.000     0.000 r  C1/cnt_reg[18]/C
    SLICE_X1Y88          FDRE (Prop_fdre_C_Q)         0.456     0.456 r  C1/cnt_reg[18]/Q
                         net (fo=9, routed)           1.127     1.583    C1/md[1]
    SLICE_X2Y91          LUT6 (Prop_lut6_I4_O)        0.124     1.707 r  C1/seg_OBUF[6]_inst_i_8/O
                         net (fo=1, routed)           0.790     2.498    C1/seg_OBUF[6]_inst_i_8_n_0
    SLICE_X0Y91          LUT3 (Prop_lut3_I1_O)        0.152     2.650 r  C1/seg_OBUF[6]_inst_i_5/O
                         net (fo=7, routed)           0.193     2.843    C1/seg_OBUF[6]_inst_i_5_n_0
    SLICE_X0Y91          LUT6 (Prop_lut6_I5_O)        0.326     3.169 r  C1/seg_OBUF[0]_inst_i_1/O
                         net (fo=1, routed)           1.674     4.843    seg_OBUF[0]
    L18                  OBUF (Prop_obuf_I_O)         3.537     8.380 r  seg_OBUF[0]_inst/O
                         net (fo=0)                   0.000     8.380    seg[0]
    L18                                                               r  seg[0] (OUT)
  -------------------------------------------------------------------    -------------------

Slack:                    inf
  Source:                 C1/cnt_reg[19]/C
                            (rising edge-triggered cell FDRE)
  Destination:            anode[2]
                            (output port)
  Path Group:             (none)
  Path Type:              Max at Slow Process Corner
  Data Path Delay:        7.944ns  (logic 4.154ns (52.299%)  route 3.789ns (47.701%))
  Logic Levels:           3  (FDRE=1 LUT3=1 OBUF=1)

    Location             Delay type                Incr(ns)  Path(ns)    Netlist Resource(s)
  -------------------------------------------------------------------    -------------------
    SLICE_X1Y88          FDRE                         0.000     0.000 r  C1/cnt_reg[19]/C
    SLICE_X1Y88          FDRE (Prop_fdre_C_Q)         0.456     0.456 r  C1/cnt_reg[19]/Q
                         net (fo=15, routed)          0.859     1.315    C1/md[2]
    SLICE_X0Y90          LUT3 (Prop_lut3_I2_O)        0.124     1.439 r  C1/anode_OBUF[2]_inst_i_1/O
                         net (fo=1, routed)           2.930     4.369    anode_OBUF[2]
    T9                   OBUF (Prop_obuf_I_O)         3.574     7.944 r  anode_OBUF[2]_inst/O
                         net (fo=0)                   0.000     7.944    anode[2]
    T9                                                                r  anode[2] (OUT)
  -------------------------------------------------------------------    -------------------

Slack:                    inf
  Source:                 C1/cnt_reg[17]/C
                            (rising edge-triggered cell FDRE)
  Destination:            anode[3]
                            (output port)
  Path Group:             (none)
  Path Type:              Max at Slow Process Corner
  Data Path Delay:        7.543ns  (logic 4.132ns (54.777%)  route 3.411ns (45.223%))
  Logic Levels:           3  (FDRE=1 LUT3=1 OBUF=1)

    Location             Delay type                Incr(ns)  Path(ns)    Netlist Resource(s)
  -------------------------------------------------------------------    -------------------
    SLICE_X1Y88          FDRE                         0.000     0.000 r  C1/cnt_reg[17]/C
    SLICE_X1Y88          FDRE (Prop_fdre_C_Q)         0.456     0.456 f  C1/cnt_reg[17]/Q
                         net (fo=9, routed)           1.151     1.607    C1/md[0]
    SLICE_X0Y93          LUT3 (Prop_lut3_I1_O)        0.124     1.731 r  C1/anode_OBUF[3]_inst_i_1/O
                         net (fo=1, routed)           2.261     3.991    anode_OBUF[3]
    J14                  OBUF (Prop_obuf_I_O)         3.552     7.543 r  anode_OBUF[3]_inst/O
                         net (fo=0)                   0.000     7.543    anode[3]
    J14                                                               r  anode[3] (OUT)
  -------------------------------------------------------------------    -------------------

Slack:                    inf
  Source:                 C1/cnt_reg[18]/C
                            (rising edge-triggered cell FDRE)
  Destination:            anode[0]
                            (output port)
  Path Group:             (none)
  Path Type:              Max at Slow Process Corner
  Data Path Delay:        7.444ns  (logic 4.344ns (58.348%)  route 3.101ns (41.652%))
  Logic Levels:           3  (FDRE=1 LUT3=1 OBUF=1)

    Location             Delay type                Incr(ns)  Path(ns)    Netlist Resource(s)
  -------------------------------------------------------------------    -------------------
    SLICE_X1Y88          FDRE                         0.000     0.000 r  C1/cnt_reg[18]/C
    SLICE_X1Y88          FDRE (Prop_fdre_C_Q)         0.456     0.456 r  C1/cnt_reg[18]/Q
                         net (fo=9, routed)           1.180     1.636    C1/md[1]
    SLICE_X0Y93          LUT3 (Prop_lut3_I0_O)        0.150     1.786 r  C1/anode_OBUF[0]_inst_i_1/O
                         net (fo=1, routed)           1.921     3.707    anode_OBUF[0]
    J17                  OBUF (Prop_obuf_I_O)         3.738     7.444 r  anode_OBUF[0]_inst/O
                         net (fo=0)                   0.000     7.444    anode[0]
    J17                                                               r  anode[0] (OUT)
  -------------------------------------------------------------------    -------------------





Min Delay Paths
--------------------------------------------------------------------------------------
Slack:                    inf
  Source:                 C1/cnt_reg[11]/C
                            (rising edge-triggered cell FDRE)
  Destination:            C1/cnt_reg[11]/D
  Path Group:             (none)
  Path Type:              Min at Fast Process Corner
  Data Path Delay:        0.357ns  (logic 0.249ns (69.714%)  route 0.108ns (30.286%))
  Logic Levels:           2  (CARRY4=1 FDRE=1)

    Location             Delay type                Incr(ns)  Path(ns)    Netlist Resource(s)
  -------------------------------------------------------------------    -------------------
    SLICE_X1Y86          FDRE                         0.000     0.000 r  C1/cnt_reg[11]/C
    SLICE_X1Y86          FDRE (Prop_fdre_C_Q)         0.141     0.141 r  C1/cnt_reg[11]/Q
                         net (fo=1, routed)           0.108     0.249    C1/cnt_reg_n_0_[11]
    SLICE_X1Y86          CARRY4 (Prop_carry4_S[3]_O[3])
                                                      0.108     0.357 r  C1/cnt_reg[8]_i_1/O[3]
                         net (fo=1, routed)           0.000     0.357    C1/cnt_reg[8]_i_1_n_4
    SLICE_X1Y86          FDRE                                         r  C1/cnt_reg[11]/D
  -------------------------------------------------------------------    -------------------

Slack:                    inf
  Source:                 C1/cnt_reg[15]/C
                            (rising edge-triggered cell FDRE)
  Destination:            C1/cnt_reg[15]/D
  Path Group:             (none)
  Path Type:              Min at Fast Process Corner
  Data Path Delay:        0.357ns  (logic 0.249ns (69.714%)  route 0.108ns (30.286%))
  Logic Levels:           2  (CARRY4=1 FDRE=1)

    Location             Delay type                Incr(ns)  Path(ns)    Netlist Resource(s)
  -------------------------------------------------------------------    -------------------
    SLICE_X1Y87          FDRE                         0.000     0.000 r  C1/cnt_reg[15]/C
    SLICE_X1Y87          FDRE (Prop_fdre_C_Q)         0.141     0.141 r  C1/cnt_reg[15]/Q
                         net (fo=1, routed)           0.108     0.249    C1/cnt_reg_n_0_[15]
    SLICE_X1Y87          CARRY4 (Prop_carry4_S[3]_O[3])
                                                      0.108     0.357 r  C1/cnt_reg[12]_i_1/O[3]
                         net (fo=1, routed)           0.000     0.357    C1/cnt_reg[12]_i_1_n_4
    SLICE_X1Y87          FDRE                                         r  C1/cnt_reg[15]/D
  -------------------------------------------------------------------    -------------------

Slack:                    inf
  Source:                 C1/cnt_reg[3]/C
                            (rising edge-triggered cell FDRE)
  Destination:            C1/cnt_reg[3]/D
  Path Group:             (none)
  Path Type:              Min at Fast Process Corner
  Data Path Delay:        0.357ns  (logic 0.249ns (69.714%)  route 0.108ns (30.286%))
  Logic Levels:           2  (CARRY4=1 FDRE=1)

    Location             Delay type                Incr(ns)  Path(ns)    Netlist Resource(s)
  -------------------------------------------------------------------    -------------------
    SLICE_X1Y84          FDRE                         0.000     0.000 r  C1/cnt_reg[3]/C
    SLICE_X1Y84          FDRE (Prop_fdre_C_Q)         0.141     0.141 r  C1/cnt_reg[3]/Q
                         net (fo=1, routed)           0.108     0.249    C1/cnt_reg_n_0_[3]
    SLICE_X1Y84          CARRY4 (Prop_carry4_S[3]_O[3])
                                                      0.108     0.357 r  C1/cnt_reg[0]_i_1/O[3]
                         net (fo=1, routed)           0.000     0.357    C1/cnt_reg[0]_i_1_n_4
    SLICE_X1Y84          FDRE                                         r  C1/cnt_reg[3]/D
  -------------------------------------------------------------------    -------------------

Slack:                    inf
  Source:                 C1/cnt_reg[7]/C
                            (rising edge-triggered cell FDRE)
  Destination:            C1/cnt_reg[7]/D
  Path Group:             (none)
  Path Type:              Min at Fast Process Corner
  Data Path Delay:        0.357ns  (logic 0.249ns (69.714%)  route 0.108ns (30.286%))
  Logic Levels:           2  (CARRY4=1 FDRE=1)

    Location             Delay type                Incr(ns)  Path(ns)    Netlist Resource(s)
  -------------------------------------------------------------------    -------------------
    SLICE_X1Y85          FDRE                         0.000     0.000 r  C1/cnt_reg[7]/C
    SLICE_X1Y85          FDRE (Prop_fdre_C_Q)         0.141     0.141 r  C1/cnt_reg[7]/Q
                         net (fo=1, routed)           0.108     0.249    C1/cnt_reg_n_0_[7]
    SLICE_X1Y85          CARRY4 (Prop_carry4_S[3]_O[3])
                                                      0.108     0.357 r  C1/cnt_reg[4]_i_1/O[3]
                         net (fo=1, routed)           0.000     0.357    C1/cnt_reg[4]_i_1_n_4
    SLICE_X1Y85          FDRE                                         r  C1/cnt_reg[7]/D
  -------------------------------------------------------------------    -------------------

Slack:                    inf
  Source:                 C1/cnt_reg[12]/C
                            (rising edge-triggered cell FDRE)
  Destination:            C1/cnt_reg[12]/D
  Path Group:             (none)
  Path Type:              Min at Fast Process Corner
  Data Path Delay:        0.361ns  (logic 0.256ns (70.880%)  route 0.105ns (29.120%))
  Logic Levels:           2  (CARRY4=1 FDRE=1)

    Location             Delay type                Incr(ns)  Path(ns)    Netlist Resource(s)
  -------------------------------------------------------------------    -------------------
    SLICE_X1Y87          FDRE                         0.000     0.000 r  C1/cnt_reg[12]/C
    SLICE_X1Y87          FDRE (Prop_fdre_C_Q)         0.141     0.141 r  C1/cnt_reg[12]/Q
                         net (fo=1, routed)           0.105     0.246    C1/cnt_reg_n_0_[12]
    SLICE_X1Y87          CARRY4 (Prop_carry4_S[0]_O[0])
                                                      0.115     0.361 r  C1/cnt_reg[12]_i_1/O[0]
                         net (fo=1, routed)           0.000     0.361    C1/cnt_reg[12]_i_1_n_7
    SLICE_X1Y87          FDRE                                         r  C1/cnt_reg[12]/D
  -------------------------------------------------------------------    -------------------

Slack:                    inf
  Source:                 C1/cnt_reg[16]/C
                            (rising edge-triggered cell FDRE)
  Destination:            C1/cnt_reg[16]/D
  Path Group:             (none)
  Path Type:              Min at Fast Process Corner
  Data Path Delay:        0.361ns  (logic 0.256ns (70.880%)  route 0.105ns (29.120%))
  Logic Levels:           2  (CARRY4=1 FDRE=1)

    Location             Delay type                Incr(ns)  Path(ns)    Netlist Resource(s)
  -------------------------------------------------------------------    -------------------
    SLICE_X1Y88          FDRE                         0.000     0.000 r  C1/cnt_reg[16]/C
    SLICE_X1Y88          FDRE (Prop_fdre_C_Q)         0.141     0.141 r  C1/cnt_reg[16]/Q
                         net (fo=1, routed)           0.105     0.246    C1/cnt_reg_n_0_[16]
    SLICE_X1Y88          CARRY4 (Prop_carry4_S[0]_O[0])
                                                      0.115     0.361 r  C1/cnt_reg[16]_i_1/O[0]
                         net (fo=1, routed)           0.000     0.361    C1/cnt_reg[16]_i_1_n_7
    SLICE_X1Y88          FDRE                                         r  C1/cnt_reg[16]/D
  -------------------------------------------------------------------    -------------------

Slack:                    inf
  Source:                 C1/cnt_reg[20]/C
                            (rising edge-triggered cell FDRE)
  Destination:            C1/cnt_reg[20]/D
  Path Group:             (none)
  Path Type:              Min at Fast Process Corner
  Data Path Delay:        0.361ns  (logic 0.256ns (70.880%)  route 0.105ns (29.120%))
  Logic Levels:           2  (CARRY4=1 FDRE=1)

    Location             Delay type                Incr(ns)  Path(ns)    Netlist Resource(s)
  -------------------------------------------------------------------    -------------------
    SLICE_X1Y89          FDRE                         0.000     0.000 r  C1/cnt_reg[20]/C
    SLICE_X1Y89          FDRE (Prop_fdre_C_Q)         0.141     0.141 r  C1/cnt_reg[20]/Q
                         net (fo=1, routed)           0.105     0.246    C1/cnt_reg_n_0_[20]
    SLICE_X1Y89          CARRY4 (Prop_carry4_S[0]_O[0])
                                                      0.115     0.361 r  C1/cnt_reg[20]_i_1/O[0]
                         net (fo=1, routed)           0.000     0.361    C1/cnt_reg[20]_i_1_n_7
    SLICE_X1Y89          FDRE                                         r  C1/cnt_reg[20]/D
  -------------------------------------------------------------------    -------------------

Slack:                    inf
  Source:                 C1/cnt_reg[4]/C
                            (rising edge-triggered cell FDRE)
  Destination:            C1/cnt_reg[4]/D
  Path Group:             (none)
  Path Type:              Min at Fast Process Corner
  Data Path Delay:        0.361ns  (logic 0.256ns (70.880%)  route 0.105ns (29.120%))
  Logic Levels:           2  (CARRY4=1 FDRE=1)

    Location             Delay type                Incr(ns)  Path(ns)    Netlist Resource(s)
  -------------------------------------------------------------------    -------------------
    SLICE_X1Y85          FDRE                         0.000     0.000 r  C1/cnt_reg[4]/C
    SLICE_X1Y85          FDRE (Prop_fdre_C_Q)         0.141     0.141 r  C1/cnt_reg[4]/Q
                         net (fo=1, routed)           0.105     0.246    C1/cnt_reg_n_0_[4]
    SLICE_X1Y85          CARRY4 (Prop_carry4_S[0]_O[0])
                                                      0.115     0.361 r  C1/cnt_reg[4]_i_1/O[0]
                         net (fo=1, routed)           0.000     0.361    C1/cnt_reg[4]_i_1_n_7
    SLICE_X1Y85          FDRE                                         r  C1/cnt_reg[4]/D
  -------------------------------------------------------------------    -------------------

Slack:                    inf
  Source:                 C1/cnt_reg[8]/C
                            (rising edge-triggered cell FDRE)
  Destination:            C1/cnt_reg[8]/D
  Path Group:             (none)
  Path Type:              Min at Fast Process Corner
  Data Path Delay:        0.361ns  (logic 0.256ns (70.880%)  route 0.105ns (29.120%))
  Logic Levels:           2  (CARRY4=1 FDRE=1)

    Location             Delay type                Incr(ns)  Path(ns)    Netlist Resource(s)
  -------------------------------------------------------------------    -------------------
    SLICE_X1Y86          FDRE                         0.000     0.000 r  C1/cnt_reg[8]/C
    SLICE_X1Y86          FDRE (Prop_fdre_C_Q)         0.141     0.141 r  C1/cnt_reg[8]/Q
                         net (fo=1, routed)           0.105     0.246    C1/cnt_reg_n_0_[8]
    SLICE_X1Y86          CARRY4 (Prop_carry4_S[0]_O[0])
                                                      0.115     0.361 r  C1/cnt_reg[8]_i_1/O[0]
                         net (fo=1, routed)           0.000     0.361    C1/cnt_reg[8]_i_1_n_7
    SLICE_X1Y86          FDRE                                         r  C1/cnt_reg[8]/D
  -------------------------------------------------------------------    -------------------

Slack:                    inf
  Source:                 C1/cnt_reg[10]/C
                            (rising edge-triggered cell FDRE)
  Destination:            C1/cnt_reg[10]/D
  Path Group:             (none)
  Path Type:              Min at Fast Process Corner
  Data Path Delay:        0.361ns  (logic 0.252ns (69.733%)  route 0.109ns (30.267%))
  Logic Levels:           2  (CARRY4=1 FDRE=1)

    Location             Delay type                Incr(ns)  Path(ns)    Netlist Resource(s)
  -------------------------------------------------------------------    -------------------
    SLICE_X1Y86          FDRE                         0.000     0.000 r  C1/cnt_reg[10]/C
    SLICE_X1Y86          FDRE (Prop_fdre_C_Q)         0.141     0.141 r  C1/cnt_reg[10]/Q
                         net (fo=1, routed)           0.109     0.250    C1/cnt_reg_n_0_[10]
    SLICE_X1Y86          CARRY4 (Prop_carry4_S[2]_O[2])
                                                      0.111     0.361 r  C1/cnt_reg[8]_i_1/O[2]
                         net (fo=1, routed)           0.000     0.361    C1/cnt_reg[8]_i_1_n_5
    SLICE_X1Y86          FDRE                                         r  C1/cnt_reg[10]/D
  -------------------------------------------------------------------    -------------------





